<?xml version="1.0" encoding="UTF-8"?>
<testsuite xmlns:xsi="http://www.w3.org/2001/XMLSchema-instance" xsi:noNamespaceSchemaLocation="https://maven.apache.org/surefire/maven-surefire-plugin/xsd/surefire-test-report.xsd" name="UniversityAdmissionTest" time="0.02" tests="11" errors="0" skipped="0" failures="0">
  <properties>
[...]
</properties>
  <testcase name="checkStudentForm6Notes_BoundaryValue79" classname="UniversityAdmissionTest" time="0"/>
  <testcase name="checkStudentForm6Notes_BoundaryValue80" classname="UniversityAdmissionTest" time="0"/>
  <testcase name="checkStudentForm6Notes_BoundaryValue81" classname="UniversityAdmissionTest" time="0.002"/>
  <testcase name="checkStudentForm6Notes_BoundaryValue99" classname="UniversityAdmissionTest" time="0"/>
  <testcase name="checkStudentForm6Notes_validClass" classname="UniversityAdmissionTest" time="0"/>
  <testcase name="checkStudentForm6Notes_inValidClassBigger100" classname="UniversityAdmissionTest" time="0"/>
  <testcase name="checkSchoolFeesPaid_True" classname="UniversityAdmissionTest" time="0"/>
  <testcase name="checkStudentForm6Notes_inValidClassLess80" classname="UniversityAdmissionTest" time="0"/>
  <testcase name="checkStudentForm6Notes_BoundaryValue100" classname="UniversityAdmissionTest" time="0"/>
  <testcase name="checkStudentForm6Notes_BoundaryValue101" classname="UniversityAdmissionTest" time="0"/>
  <testcase name="checkSchoolFeesPaid_False" classname="UniversityAdmissionTest" time="0"/>
</testsuite>